Binary (abs) 0b0111	0b1111	0b0000
Octal (abs)		07	017	0
Decimal (abs)		7	15	0
Hexadecimal (abs)		0x7	0xF	0x0
Signed One's Compliment	0b1000	0b0111	0b1000
Signed Two's Compliment	0b1001	0b0111	0b1001
Sign-Magnitude		0b1111	0b0111	0b1111


Binary (abs)		ERROR	ERROR	ERROR
Octal (abs)		ERROR	ERROR	ERROR
Decimal (abs)		ERROR	ERROR	ERROR
Hexadecimal (abs)		ERROR	ERROR	ERROR
Signed One's Compliment	ERROR	ERROR	ERROR
Signed Two's Compliment	ERROR	ERROR	ERROR
Sign-Magnitude		ERROR	ERROR	ERROR


Binary (abs)		ERROR	ERROR	ERROR
Octal (abs)		ERROR	ERROR	ERROR
Decimal (abs)		ERROR	ERROR	ERROR
Hexadecimal (abs)		ERROR	ERROR	ERROR
Signed One's Compliment	ERROR	ERROR	ERROR
Signed Two's Compliment	ERROR	ERROR	ERROR
Sign-Magnitude		ERROR	ERROR	ERROR


Binary (abs) 0b1010	0b1111	0b0000
Octal (abs)		012	017	0
Decimal (abs)		10	15	0
Hexadecimal (abs)		0xA	0xF	0x0
Signed One's Compliment	ERROR	0b0111	0b1000
Signed Two's Compliment	ERROR	0b0111	0b1001
Sign-Magnitude		ERROR	0b0111	0b1111


Binary (abs) 0b11101100	0b11111111	0b00000000
Octal (abs)		0354	0377	0
Decimal (abs)		236	255	0
Hexadecimal (abs)		0xEC	0xFF	0x0
Signed One's Compliment	ERROR	0b01111111	0b10000000
Signed Two's Compliment	ERROR	0b01111111	0b10000001
Sign-Magnitude		ERROR	0b01111111	0b11111111


Binary (abs) 0b11101100	0b11111111	0b00000000
Octal (abs)		0354	0377	0
Decimal (abs)		236	255	0
Hexadecimal (abs)		0xEC	0xFF	0x0
Signed One's Compliment	ERROR	0b01111111	0b10000000
Signed Two's Compliment	ERROR	0b01111111	0b10000001
Sign-Magnitude		ERROR	0b01111111	0b11111111


Binary (abs) 0b11101011	0b11111111	0b00000000
Octal (abs)		0353	0377	0
Decimal (abs)		235	255	0
Hexadecimal (abs)		0xEB	0xFF	0x0
Signed One's Compliment	ERROR	0b01111111	0b10000000
Signed Two's Compliment	ERROR	0b01111111	0b10000001
Sign-Magnitude		ERROR	0b01111111	0b11111111


Binary (abs) 0b01111101	0b11111111	0b00000000
Octal (abs)		0175	0377	0
Decimal (abs)		125	255	0
Hexadecimal (abs)		0x7D	0xFF	0x0
Signed One's Compliment	0b10000010	0b01111111	0b10000000
Signed Two's Compliment	0b10000011	0b01111111	0b10000001
Sign-Magnitude		0b11111101	0b01111111	0b11111111


Binary (abs)		ERROR	ERROR	ERROR
Octal (abs)		ERROR	ERROR	ERROR
Decimal (abs)		ERROR	ERROR	ERROR
Hexadecimal (abs)		ERROR	ERROR	ERROR
Signed One's Compliment	ERROR	ERROR	ERROR
Signed Two's Compliment	ERROR	ERROR	ERROR
Sign-Magnitude		ERROR	ERROR	ERROR


Binary (abs) 0b1111111101111000	0b1111111111111111	0b0000000000000000
Octal (abs)		0177570	0177777	0
Decimal (abs)		65400	65535	0
Hexadecimal (abs)		0xFF78	0xFFFF	0x0
Signed One's Compliment	ERROR	0b0111111111111111	0b1000000000000000
Signed Two's Compliment	ERROR	0b0111111111111111	0b1000000000000001
Sign-Magnitude		ERROR	0b0111111111111111	0b1111111111111111


Binary (abs) 0b0111111110111101	0b1111111111111111	0b0000000000000000
Octal (abs)		077675	0177777	0
Decimal (abs)		32701	65535	0
Hexadecimal (abs)		0x7FBD	0xFFFF	0x0
Signed One's Compliment	0b1000000001000010	0b0111111111111111	0b1000000000000000
Signed Two's Compliment	0b1000000001000011	0b0111111111111111	0b1000000000000001
Sign-Magnitude		0b1111111110111101	0b0111111111111111	0b1111111111111111


