"FreeRTOS Task Aware Debugger for GDB" version 11.1.0 (201912021734)
(c) 2016-2018 NXP Semiconductors, Inc.
==================================
22:37:54.414 INFO: [TadModel] DSF session ID 22 has started.
22:38:00.114 INFO: [TadState] TAD state changed:  DEBUG_STARTED -> DEBUG_INIT_0 (SUSPENDED, USER_REQUEST)
22:38:01.178 INFO: [TadState] TAD state changed:  DEBUG_INIT_0 -> DEBUG_INIT_1 (RESUMED, USER_REQUEST)
22:38:01.192 INFO: [TadState] TAD state changed:  DEBUG_INIT_1 -> DEBUG_SUSPENDED (SUSPENDED, BREAKPOINT)
22:38:06.565 INFO: [TadState] TAD state changed:  DEBUG_SUSPENDED -> DEBUG_RESUMED (RESUMED, USER_REQUEST)
22:39:36.561 INFO: [TadState] TAD state changed:  DEBUG_RESUMED -> READY (SUSPENDED, SIGNAL)
22:39:36.654 INFO: [TadState] TAD state changed:  READY -> DEBUG_RESUMED (RESUMED, USER_REQUEST)
22:39:36.679 INFO: [TadState] TAD state changed:  DEBUG_RESUMED -> READY (SUSPENDED, BREAKPOINT)
22:39:41.813 INFO: [TadState] TAD state changed:  READY -> DEBUG_RESUMED (RESUMED, STEP)
22:39:41.877 INFO: [TadState] TAD state changed:  DEBUG_RESUMED -> READY (SUSPENDED, STEP)
22:39:42.304 INFO: [TadState] TAD state changed:  READY -> DEBUG_RESUMED (RESUMED, STEP)
22:39:42.361 INFO: [TadState] TAD state changed:  DEBUG_RESUMED -> READY (SUSPENDED, STEP)
22:39:42.795 INFO: [TadState] TAD state changed:  READY -> DEBUG_RESUMED (RESUMED, STEP)
22:39:42.846 INFO: [TadState] TAD state changed:  DEBUG_RESUMED -> READY (SUSPENDED, STEP)
22:39:42.944 INFO: [TadState] TAD state changed:  READY -> DEBUG_RESUMED (RESUMED, STEP)
22:39:43.00 INFO: [TadState] TAD state changed:  DEBUG_RESUMED -> READY (SUSPENDED, STEP)
22:39:43.186 INFO: [TadState] TAD state changed:  READY -> DEBUG_RESUMED (RESUMED, STEP)
22:39:43.249 INFO: [TadState] TAD state changed:  DEBUG_RESUMED -> READY (SUSPENDED, STEP)
22:39:43.484 INFO: [TadState] TAD state changed:  READY -> DEBUG_RESUMED (RESUMED, STEP)
22:39:43.551 INFO: [TadState] TAD state changed:  DEBUG_RESUMED -> READY (SUSPENDED, STEP)
22:39:45.459 INFO: [TadState] TAD state changed:  READY -> DEBUG_RESUMED (RESUMED, STEP)
22:39:45.532 INFO: [TadState] TAD state changed:  DEBUG_RESUMED -> READY (SUSPENDED, STEP)
22:39:47.917 INFO: [TadState] TAD state changed:  READY -> DEBUG_RESUMED (RESUMED, STEP)
22:39:47.981 INFO: [TadState] TAD state changed:  DEBUG_RESUMED -> READY (SUSPENDED, STEP)
22:39:48.813 INFO: [TadState] TAD state changed:  READY -> DEBUG_RESUMED (RESUMED, STEP)
22:39:48.875 INFO: [TadState] TAD state changed:  DEBUG_RESUMED -> READY (SUSPENDED, STEP)
22:39:50.726 INFO: [TadState] TAD state changed:  READY -> DEBUG_RESUMED (RESUMED, STEP)
22:39:50.881 INFO: [TadState] TAD state changed:  DEBUG_RESUMED -> READY (SUSPENDED, STEP)
22:39:57.786 INFO: [TadState] TAD state changed:  READY -> DEBUG_RESUMED (RESUMED, STEP)
22:39:57.865 INFO: [TadState] TAD state changed:  DEBUG_RESUMED -> READY (SUSPENDED, STEP)
22:45:36.818 INFO: [TadModel] DSF session ID 22 has ended.
