Code:  66	Type:      Upper Case	ASCII Char: B
Code: 114	Type:                	ASCII Char: r
Code: 117	Type:                	ASCII Char: u
Code:  99	Type:                	ASCII Char: c
Code: 101	Type:                	ASCII Char: e
Code:  32	Type:      Whitespace	ASCII Char:  
Code:  83	Type:      Upper Case	ASCII Char: S
Code:  97	Type:      Upper Case	ASCII Char: a
Code: 121	Type:                	ASCII Char: y
Code: 115	Type:                	ASCII Char: s
Code:  32	Type:      Whitespace	ASCII Char:  
Code:  72	Type:      Upper Case	ASCII Char: H
Code: 105	Type:                	ASCII Char: i
Code:  33	Type: Special Character	ASCII Char: !
Code:   7	Type:      Whitespace	ASCII Char: 
Code:   9	Type:      Whitespace	ASCII Char: 	
Code:  50	Type:      Upper Case	ASCII Char: 2
Code:  48	Type:           Digit	ASCII Char: 0
Code:  49	Type:      Upper Case	ASCII Char: 1
Code:  57	Type: Special Character	ASCII Char: 9
